<?xml version="1.0" encoding="UTF-8"?>
<testsuite name="DayCalcTest.DayCalcTest" tests="5" skipped="0" failures="0" errors="0" timestamp="2021-05-19T10:17:56" hostname="DESKTOP-FU369RN" time="0.013">
  <properties/>
  <testcase name="test1()" classname="DayCalcTest.DayCalcTest" time="0.011"/>
  <testcase name="test2()" classname="DayCalcTest.DayCalcTest" time="0.0"/>
  <testcase name="test3()" classname="DayCalcTest.DayCalcTest" time="0.0"/>
  <testcase name="test4()" classname="DayCalcTest.DayCalcTest" time="0.001"/>
  <testcase name="test5()" classname="DayCalcTest.DayCalcTest" time="0.0"/>
  <system-out><![CDATA[]]></system-out>
  <system-err><![CDATA[]]></system-err>
</testsuite>
